[2026-04-22T10:31:32.716Z] GET http://localhost:8787/?local=1&qa=scale-stage4-seed → 200 (15ms, 1235B)
[2026-04-22T10:31:32.732Z] GET https://fonts.googleapis.com/css2?family=Fraunces:opsz,wght@9..144,400;9..144,500;9..144,600&family=Inter:wght@400;500;600;700&display=swap → 200 (122ms, 14114B)
[2026-04-22T10:31:32.732Z] GET http://localhost:8787/styles/app.css → 200 (3ms, 128501B)
[2026-04-22T10:31:32.732Z] GET http://localhost:8787/src/bundles/home.bundle.js → 200 (20ms, 174162B)
[2026-04-22T10:31:32.732Z] GET http://localhost:8787/src/main.js → 200 (19ms, 51874B)
[2026-04-22T10:31:32.865Z] GET http://localhost:8787/src/platform/core/store.js → 200 (10ms, 15011B)
[2026-04-22T10:31:32.867Z] GET http://localhost:8787/src/platform/core/local-review-profile.js → 200 (18ms, 4910B)
[2026-04-22T10:31:32.867Z] GET http://localhost:8787/src/platform/core/subject-registry.js → 200 (17ms, 747B)
[2026-04-22T10:31:32.867Z] GET http://localhost:8787/src/platform/ui/render.js → 200 (28ms, 73204B)
[2026-04-22T10:31:32.867Z] GET http://localhost:8787/src/platform/core/utils.js → 200 (25ms, 1644B)
[2026-04-22T10:31:32.867Z] GET http://localhost:8787/src/platform/core/dom-actions.js → 200 (27ms, 275B)
[2026-04-22T10:31:32.867Z] GET http://localhost:8787/src/platform/access/roles.js → 200 (25ms, 2125B)
[2026-04-22T10:31:32.867Z] GET http://localhost:8787/src/platform/hubs/admin-read-model.js → 200 (44ms, 6435B)
[2026-04-22T10:31:32.869Z] GET http://localhost:8787/src/platform/hubs/api.js → 200 (39ms, 2491B)
[2026-04-22T10:31:32.869Z] GET http://localhost:8787/src/platform/hubs/parent-read-model.js → 200 (45ms, 4971B)
[2026-04-22T10:31:32.869Z] GET http://localhost:8787/src/platform/hubs/shell-access.js → 200 (45ms, 4194B)
[2026-04-22T10:31:32.869Z] GET http://localhost:8787/src/platform/core/repositories/index.js → 200 (45ms, 1036B)
[2026-04-22T10:31:32.870Z] GET http://localhost:8787/src/platform/core/subject-runtime.js → 200 (42ms, 3003B)
[2026-04-22T10:31:32.870Z] GET http://localhost:8787/src/platform/events/index.js → 200 (47ms, 114B)
[2026-04-22T10:31:32.870Z] GET http://localhost:8787/src/subjects/spelling/tts.js → 200 (47ms, 4084B)
[2026-04-22T10:31:32.870Z] GET http://localhost:8787/src/subjects/spelling/service.js → 200 (52ms, 26797B)
[2026-04-22T10:31:32.870Z] GET http://localhost:8787/src/subjects/spelling/repository.js → 200 (55ms, 6106B)
[2026-04-22T10:31:32.870Z] GET http://localhost:8787/src/subjects/spelling/content/repository.js → 200 (55ms, 4241B)
[2026-04-22T10:31:32.870Z] GET http://localhost:8787/src/subjects/spelling/content/service.js → 200 (56ms, 2825B)
[2026-04-22T10:31:32.870Z] GET http://localhost:8787/src/subjects/spelling/event-hooks.js → 200 (55ms, 892B)
[2026-04-22T10:31:32.870Z] GET http://localhost:8787/src/subjects/spelling/auto-advance.js → 200 (55ms, 2887B)
[2026-04-22T10:31:32.870Z] GET http://localhost:8787/src/subjects/spelling/shortcuts.js → 200 (56ms, 1997B)
[2026-04-22T10:31:32.870Z] GET http://localhost:8787/src/platform/game/monster-celebrations.js → 200 (57ms, 3365B)
[2026-04-22T10:31:32.870Z] GET http://localhost:8787/src/platform/game/monster-system.js → 200 (64ms, 8127B)
[2026-04-22T10:31:32.870Z] GET http://localhost:8787/src/platform/core/data-transfer.js → 200 (63ms, 14340B)
[2026-04-22T10:31:32.876Z] GET http://localhost:8787/src/platform/core/subject-contract.js → 200 (56ms, 1979B)
[2026-04-22T10:31:32.885Z] GET http://localhost:8787/src/subjects/spelling/module.js → 200 (48ms, 48717B)
[2026-04-22T10:31:32.885Z] GET http://localhost:8787/src/subjects/placeholders/index.js → 200 (48ms, 1306B)
[2026-04-22T10:31:32.887Z] GET http://localhost:8787/src/subjects/spelling/data/word-data.js → 200 (57ms, 501449B)
[2026-04-22T10:31:32.897Z] GET http://localhost:8787/src/platform/game/monsters.js → 200 (60ms, 2477B)
[2026-04-22T10:31:32.909Z] GET http://localhost:8787/src/platform/core/repositories/auth-session.js → 200 (50ms, 1809B)
[2026-04-22T10:31:32.911Z] GET http://localhost:8787/src/subjects/spelling/content/model.js → 200 (49ms, 22118B)
[2026-04-22T10:31:32.914Z] GET http://localhost:8787/src/subjects/spelling/read-model.js → 200 (46ms, 12103B)
[2026-04-22T10:31:32.915Z] GET http://localhost:8787/src/platform/core/repositories/contract.js → 200 (41ms, 1429B)
[2026-04-22T10:31:32.915Z] GET http://localhost:8787/src/platform/core/repositories/local.js → 200 (45ms, 16325B)
[2026-04-22T10:31:32.915Z] GET http://localhost:8787/src/platform/core/repositories/api.js → 200 (55ms, 53003B)
[2026-04-22T10:31:32.915Z] GET http://localhost:8787/src/platform/core/repositories/helpers.js → 200 (54ms, 10693B)
[2026-04-22T10:31:32.915Z] GET http://localhost:8787/src/platform/core/repositories/persistence.js → 200 (46ms, 4832B)
[2026-04-22T10:31:32.918Z] GET http://localhost:8787/src/platform/events/runtime.js → 200 (51ms, 2484B)
[2026-04-22T10:31:32.918Z] GET http://localhost:8787/src/platform/events/streaks.js → 200 (51ms, 2891B)
[2026-04-22T10:31:32.923Z] GET http://localhost:8787/src/subjects/spelling/engine/legacy-engine.js → 200 (47ms, 38690B)
[2026-04-22T10:31:32.923Z] GET http://localhost:8787/src/subjects/spelling/events.js → 200 (51ms, 3469B)
[2026-04-22T10:31:32.923Z] GET http://localhost:8787/src/subjects/spelling/service-contract.js → 200 (51ms, 5410B)
[2026-04-22T10:31:32.926Z] GET http://localhost:8787/src/subjects/spelling/data/content-data.js → 200 (88ms, 3112137B)
[2026-04-22T10:31:32.933Z] GET http://localhost:8787/src/subjects/placeholders/module-factory.js → 200 (47ms, 3536B)
[2026-04-22T10:31:32.934Z] GET http://localhost:8787/src/surfaces/home/data.js → 200 (79ms, 24437B)
[2026-04-22T10:31:32.934Z] GET http://localhost:8787/src/subjects/spelling/session-ui.js → 200 (79ms, 2543B)
[2026-04-22T10:31:33.157Z] GET http://localhost:8787/assets/monsters/glimmerbug/b2/glimmerbug-b2-0.320.webp → 200 (4ms, 23494B)
[2026-04-22T10:31:33.157Z] GET http://localhost:8787/assets/monsters/inklet/b1/inklet-b1-0.320.webp → 200 (4ms, 19718B)
[2026-04-22T10:31:33.157Z] GET http://localhost:8787/assets/monsters/phaeton/b1/phaeton-b1-0.320.webp → 200 (4ms, 25054B)
[2026-04-22T10:31:33.157Z] GET http://localhost:8787/assets/regions/the-scribe-downs/the-scribe-downs-bg-a1.640.webp → 200 (4ms, 46666B)
[2026-04-22T10:31:33.160Z] GET http://localhost:8787/assets/regions/the-scribe-downs/the-scribe-downs-bg-c5.1280.webp → 200 (1ms, 132012B)
[2026-04-22T10:31:33.160Z] GET https://fonts.gstatic.com/s/fraunces/v38/6NU78FyLNQOQZAnv9bYEvDiIdE9Ea92uemAk_WBq8U_9v0c2Wa0KxC9TeP2Xz5c.woff2 → pending (?ms, ?B)
[2026-04-22T10:31:33.160Z] GET https://fonts.gstatic.com/s/inter/v20/UcC73FwrK3iLTeHuS_nVMrMxCp50SjIa1ZL7W0Q5nw.woff2 → 200 (58ms, ?B)
[2026-04-22T10:31:33.217Z] GET http://localhost:8787/?local=1&qa=scale-stage4 → 200 (12ms, 1235B)
[2026-04-22T10:31:33.250Z] GET https://fonts.googleapis.com/css2?family=Fraunces:opsz,wght@9..144,400;9..144,500;9..144,600&family=Inter:wght@400;500;600;700&display=swap → 200 (?ms, 14114B)
[2026-04-22T10:31:33.251Z] GET http://localhost:8787/styles/app.css → 200 (4ms, 128501B)
[2026-04-22T10:31:33.253Z] GET http://localhost:8787/src/bundles/home.bundle.js → 200 (4ms, 174162B)
[2026-04-22T10:31:33.253Z] GET http://localhost:8787/src/main.js → 200 (4ms, 51874B)
[2026-04-22T10:31:33.256Z] GET https://fonts.gstatic.com/s/inter/v20/UcC73FwrK3iLTeHuS_nVMrMxCp50SjIa1ZL7W0Q5nw.woff2 → 200 (1ms, ?B)
[2026-04-22T10:31:33.257Z] GET http://localhost:8787/src/platform/core/store.js → 200 (15ms, 15011B)
[2026-04-22T10:31:33.257Z] GET http://localhost:8787/src/platform/core/local-review-profile.js → 200 (16ms, 4910B)
[2026-04-22T10:31:33.257Z] GET http://localhost:8787/src/platform/core/subject-registry.js → 200 (24ms, 747B)
[2026-04-22T10:31:33.265Z] GET http://localhost:8787/src/platform/ui/render.js → 200 (19ms, 73204B)
[2026-04-22T10:31:33.266Z] GET http://localhost:8787/src/platform/core/utils.js → 200 (16ms, 1644B)
[2026-04-22T10:31:33.266Z] GET http://localhost:8787/src/platform/core/dom-actions.js → 200 (16ms, 275B)
[2026-04-22T10:31:33.266Z] GET http://localhost:8787/src/platform/access/roles.js → 200 (15ms, 2125B)
[2026-04-22T10:31:33.266Z] GET http://localhost:8787/src/platform/hubs/admin-read-model.js → 200 (18ms, 6435B)
[2026-04-22T10:31:33.266Z] GET http://localhost:8787/src/platform/hubs/api.js → 200 (22ms, 2491B)
[2026-04-22T10:31:33.266Z] GET http://localhost:8787/src/platform/hubs/parent-read-model.js → 200 (22ms, 4971B)
[2026-04-22T10:31:33.267Z] GET http://localhost:8787/src/platform/hubs/shell-access.js → 200 (26ms, 4194B)
[2026-04-22T10:31:33.267Z] GET http://localhost:8787/src/platform/core/repositories/index.js → 200 (29ms, 1036B)
[2026-04-22T10:31:33.267Z] GET http://localhost:8787/src/platform/core/subject-runtime.js → 200 (40ms, 3003B)
[2026-04-22T10:31:33.267Z] GET http://localhost:8787/src/platform/events/index.js → 200 (27ms, 114B)
[2026-04-22T10:31:33.267Z] GET http://localhost:8787/src/subjects/spelling/tts.js → 200 (44ms, 4084B)
[2026-04-22T10:31:33.267Z] GET http://localhost:8787/src/subjects/spelling/service.js → 200 (45ms, 26797B)
[2026-04-22T10:31:33.267Z] GET http://localhost:8787/src/subjects/spelling/repository.js → 200 (45ms, 6106B)
[2026-04-22T10:31:33.268Z] GET http://localhost:8787/src/subjects/spelling/content/repository.js → 200 (44ms, 4241B)
[2026-04-22T10:31:33.268Z] GET http://localhost:8787/src/subjects/spelling/content/service.js → 200 (46ms, 2825B)
[2026-04-22T10:31:33.268Z] GET http://localhost:8787/src/subjects/spelling/event-hooks.js → 200 (46ms, 892B)
[2026-04-22T10:31:33.268Z] GET http://localhost:8787/src/subjects/spelling/auto-advance.js → 200 (47ms, 2887B)
[2026-04-22T10:31:33.268Z] GET http://localhost:8787/src/subjects/spelling/shortcuts.js → 200 (47ms, 1997B)
[2026-04-22T10:31:33.268Z] GET http://localhost:8787/src/platform/game/monster-celebrations.js → 200 (47ms, 3365B)
[2026-04-22T10:31:33.268Z] GET http://localhost:8787/src/platform/game/monster-system.js → 200 (48ms, 8127B)
[2026-04-22T10:31:33.269Z] GET http://localhost:8787/src/platform/core/data-transfer.js → 200 (47ms, 14340B)
[2026-04-22T10:31:33.273Z] GET http://localhost:8787/src/platform/core/subject-contract.js → 200 (43ms, 1979B)
[2026-04-22T10:31:33.273Z] GET http://localhost:8787/src/subjects/spelling/data/word-data.js → 200 (54ms, 501449B)
[2026-04-22T10:31:33.282Z] GET http://localhost:8787/src/subjects/spelling/module.js → 200 (43ms, 48717B)
[2026-04-22T10:31:33.282Z] GET http://localhost:8787/src/subjects/placeholders/index.js → 200 (40ms, 1306B)
[2026-04-22T10:31:33.284Z] GET http://localhost:8787/src/platform/game/monsters.js → 200 (51ms, 2477B)
[2026-04-22T10:31:33.284Z] GET http://localhost:8787/src/subjects/spelling/content/model.js → 200 (52ms, 22118B)
[2026-04-22T10:31:33.290Z] GET http://localhost:8787/src/subjects/spelling/read-model.js → 200 (46ms, 12103B)
[2026-04-22T10:31:33.290Z] GET http://localhost:8787/src/platform/core/repositories/auth-session.js → 200 (46ms, 1809B)
[2026-04-22T10:31:33.296Z] GET http://localhost:8787/src/platform/events/runtime.js → 200 (40ms, 2484B)
[2026-04-22T10:31:33.296Z] GET http://localhost:8787/src/platform/events/streaks.js → 200 (41ms, 2891B)
[2026-04-22T10:31:33.307Z] GET http://localhost:8787/src/platform/core/repositories/contract.js → 200 (37ms, 1429B)
[2026-04-22T10:31:33.307Z] GET http://localhost:8787/src/platform/core/repositories/local.js → 200 (42ms, 16325B)
[2026-04-22T10:31:33.307Z] GET http://localhost:8787/src/platform/core/repositories/api.js → 200 (43ms, 53003B)
[2026-04-22T10:31:33.307Z] GET http://localhost:8787/src/platform/core/repositories/helpers.js → 200 (42ms, 10693B)
[2026-04-22T10:31:33.308Z] GET http://localhost:8787/src/platform/core/repositories/persistence.js → 200 (41ms, 4832B)
[2026-04-22T10:31:33.312Z] GET http://localhost:8787/src/subjects/spelling/engine/legacy-engine.js → 200 (38ms, 38690B)
[2026-04-22T10:31:33.312Z] GET http://localhost:8787/src/subjects/spelling/events.js → 200 (44ms, 3469B)
[2026-04-22T10:31:33.312Z] GET http://localhost:8787/src/subjects/spelling/service-contract.js → 200 (48ms, 5410B)
[2026-04-22T10:31:33.314Z] GET http://localhost:8787/src/subjects/spelling/data/content-data.js → 200 (80ms, ?B)
[2026-04-22T10:31:33.322Z] GET http://localhost:8787/src/subjects/placeholders/module-factory.js → 200 (38ms, 3536B)
[2026-04-22T10:31:33.325Z] GET http://localhost:8787/src/surfaces/home/data.js → 200 (69ms, ?B)
[2026-04-22T10:31:33.325Z] GET http://localhost:8787/src/subjects/spelling/session-ui.js → 200 (69ms, ?B)
[2026-04-22T10:31:34.556Z] GET http://localhost:8787/assets/regions/the-scribe-downs/the-scribe-downs-bg-a1.640.webp → 200 (?ms, 46666B)
[2026-04-22T10:31:34.556Z] GET http://localhost:8787/assets/monsters/glimmerbug/b2/glimmerbug-b2-4.320.webp → 200 (?ms, 40366B)
[2026-04-22T10:31:34.556Z] GET http://localhost:8787/assets/monsters/phaeton/b1/phaeton-b1-4.320.webp → 200 (1ms, 40024B)
[2026-04-22T10:31:34.556Z] GET http://localhost:8787/assets/monsters/inklet/b1/inklet-b1-4.320.webp → 200 (1ms, 39582B)
[2026-04-22T10:31:34.556Z] GET http://localhost:8787/assets/regions/the-scribe-downs/the-scribe-downs-bg-c5.1280.webp → 200 (1ms, 132012B)
[2026-04-22T10:31:34.556Z] GET https://fonts.gstatic.com/s/fraunces/v38/6NU78FyLNQOQZAnv9bYEvDiIdE9Ea92uemAk_WBq8U_9v0c2Wa0KxC9TeP2Xz5c.woff2 → 200 (16ms, 67388B)
